{
  "stats": {
    "suites": 1,
    "tests": 9,
    "passes": 9,
    "pending": 0,
    "failures": 0,
    "start": "2021-11-19T11:17:55.855Z",
    "end": "2021-11-19T11:18:21.133Z",
    "duration": 25278,
    "testsRegistered": 9,
    "passPercent": 100,
    "pendingPercent": 0,
    "other": 0,
    "hasOther": false,
    "skipped": 0,
    "hasSkipped": false
  },
  "results": [
    {
      "uuid": "7cb76ebb-34e0-4ae9-a90c-a52443d87bd3",
      "title": "",
      "fullFile": "cypress/integration/2-advanced-examples/2_login.spec.js",
      "file": "cypress/integration/2-advanced-examples/2_login.spec.js",
      "beforeHooks": [],
      "afterHooks": [],
      "tests": [],
      "suites": [
        {
          "uuid": "d3a98a1b-2018-46ea-9dae-aa41810c54bf",
          "title": "Login and assertion",
          "fullFile": "",
          "file": "",
          "beforeHooks": [],
          "afterHooks": [],
          "tests": [
            {
              "title": "Login without email",
              "fullTitle": "Login and assertion Login without email",
              "timedOut": null,
              "duration": 3187,
              "state": "passed",
              "speed": "slow",
              "pass": true,
              "fail": false,
              "pending": false,
              "context": null,
              "code": "authModule.login({\n  email: \"\"\n});\ncy.get(loginPage.errorMessage).eq(0).should('have.text', validationMessages.login.validEmail);",
              "err": {},
              "uuid": "78d1c4df-5893-436c-94f1-a65766a6f716",
              "parentUUID": "d3a98a1b-2018-46ea-9dae-aa41810c54bf",
              "isHook": false,
              "skipped": false
            },
            {
              "title": "Login invalid email - email without dot",
              "fullTitle": "Login and assertion Login invalid email - email without dot",
              "timedOut": null,
              "duration": 2372,
              "state": "passed",
              "speed": "slow",
              "pass": true,
              "fail": false,
              "pending": false,
              "context": null,
              "code": "authModule.login({\n  email: data.negativData.emailWithoutDot,\n  password: data.user.password\n});\ncy.get(loginPage.errorMessage).eq(0).should('have.text', validationMessages.login.validEmail);",
              "err": {},
              "uuid": "4ea31a90-30d1-4e3a-bff0-5f47012bac2c",
              "parentUUID": "d3a98a1b-2018-46ea-9dae-aa41810c54bf",
              "isHook": false,
              "skipped": false
            },
            {
              "title": "Login invalid email - email without @",
              "fullTitle": "Login and assertion Login invalid email - email without @",
              "timedOut": null,
              "duration": 2079,
              "state": "passed",
              "speed": "slow",
              "pass": true,
              "fail": false,
              "pending": false,
              "context": null,
              "code": "authModule.login({\n  email: data.negativData.emailWithout\n});\ncy.get(loginPage.errorMessage).eq(0).should('have.text', validationMessages.login.validEmail);",
              "err": {},
              "uuid": "cf6b17b7-ff16-4045-8bb9-0ab6c4c28555",
              "parentUUID": "d3a98a1b-2018-46ea-9dae-aa41810c54bf",
              "isHook": false,
              "skipped": false
            },
            {
              "title": "Login invalid email - email without bottom Part",
              "fullTitle": "Login and assertion Login invalid email - email without bottom Part",
              "timedOut": null,
              "duration": 2318,
              "state": "passed",
              "speed": "slow",
              "pass": true,
              "fail": false,
              "pending": false,
              "context": null,
              "code": "authModule.login({\n  email: data.negativData.emailWithoutBottomPart\n});\ncy.get(loginPage.errorMessage).eq(0).should('have.text', validationMessages.login.validEmail);",
              "err": {},
              "uuid": "a35c4dec-6ae5-405d-9a7d-a56cabeb5066",
              "parentUUID": "d3a98a1b-2018-46ea-9dae-aa41810c54bf",
              "isHook": false,
              "skipped": false
            },
            {
              "title": "Login invalid email - email without com",
              "fullTitle": "Login and assertion Login invalid email - email without com",
              "timedOut": null,
              "duration": 2164,
              "state": "passed",
              "speed": "slow",
              "pass": true,
              "fail": false,
              "pending": false,
              "context": null,
              "code": "authModule.login({\n  email: data.negativData.emailWithoutCom\n});\ncy.get(loginPage.errorMessage).eq(0).should('have.text', validationMessages.login.validEmail);",
              "err": {},
              "uuid": "20d208b6-d796-4699-b897-3900a7decb1d",
              "parentUUID": "d3a98a1b-2018-46ea-9dae-aa41810c54bf",
              "isHook": false,
              "skipped": false
            },
            {
              "title": "Login valid email invalid password",
              "fullTitle": "Login and assertion Login valid email invalid password",
              "timedOut": null,
              "duration": 3080,
              "state": "passed",
              "speed": "slow",
              "pass": true,
              "fail": false,
              "pending": false,
              "context": null,
              "code": "authModule.login({\n  password: data.negativData.wrongPass\n});\ncy.get(\".vs-c-custom-errors \").eq(0).should('have.text', validationMessages.login.wrongCredentials);",
              "err": {},
              "uuid": "a77653c7-cc68-41ee-8ef5-9e395b3fafde",
              "parentUUID": "d3a98a1b-2018-46ea-9dae-aa41810c54bf",
              "isHook": false,
              "skipped": false
            },
            {
              "title": "Login without pass",
              "fullTitle": "Login and assertion Login without pass",
              "timedOut": null,
              "duration": 2149,
              "state": "passed",
              "speed": "slow",
              "pass": true,
              "fail": false,
              "pending": false,
              "context": null,
              "code": "authModule.login({\n  password: \"\"\n});\ncy.get(loginPage.errorMessage).eq(1).should('have.text', validationMessages.login.requiredPass);",
              "err": {},
              "uuid": "2ec372b8-00a8-4774-a0ea-66962b49efad",
              "parentUUID": "d3a98a1b-2018-46ea-9dae-aa41810c54bf",
              "isHook": false,
              "skipped": false
            },
            {
              "title": "Successfully login",
              "fullTitle": "Login and assertion Successfully login",
              "timedOut": null,
              "duration": 2795,
              "state": "passed",
              "speed": "slow",
              "pass": true,
              "fail": false,
              "pending": false,
              "context": null,
              "code": "cy.intercept('POST', endpoints.apiEndpoints.login).as('login');\nauthModule.login({});\ncy.wait('@login').then(({\n  response,\n  request\n}) => {\n  expect(response.statusCode).to.eq(200);\n  expect(request.body.email).to.eq(data.user.email);\n  expect(request.body.password).to.eq(data.user.password);\n});",
              "err": {},
              "uuid": "dd518b39-f2f6-4a08-8377-156ed7709d1a",
              "parentUUID": "d3a98a1b-2018-46ea-9dae-aa41810c54bf",
              "isHook": false,
              "skipped": false
            },
            {
              "title": "Logout",
              "fullTitle": "Login and assertion Logout",
              "timedOut": null,
              "duration": 4999,
              "state": "passed",
              "speed": "slow",
              "pass": true,
              "fail": false,
              "pending": false,
              "context": null,
              "code": "authModule.login({});\nauthModule.logout();",
              "err": {},
              "uuid": "2c556add-f21b-4c74-a3bd-ca9096b908a1",
              "parentUUID": "d3a98a1b-2018-46ea-9dae-aa41810c54bf",
              "isHook": false,
              "skipped": false
            }
          ],
          "suites": [],
          "passes": [
            "78d1c4df-5893-436c-94f1-a65766a6f716",
            "4ea31a90-30d1-4e3a-bff0-5f47012bac2c",
            "cf6b17b7-ff16-4045-8bb9-0ab6c4c28555",
            "a35c4dec-6ae5-405d-9a7d-a56cabeb5066",
            "20d208b6-d796-4699-b897-3900a7decb1d",
            "a77653c7-cc68-41ee-8ef5-9e395b3fafde",
            "2ec372b8-00a8-4774-a0ea-66962b49efad",
            "dd518b39-f2f6-4a08-8377-156ed7709d1a",
            "2c556add-f21b-4c74-a3bd-ca9096b908a1"
          ],
          "failures": [],
          "pending": [],
          "skipped": [],
          "duration": 25143,
          "root": false,
          "rootEmpty": false,
          "_timeout": 2000
        }
      ],
      "passes": [],
      "failures": [],
      "pending": [],
      "skipped": [],
      "duration": 0,
      "root": true,
      "rootEmpty": true,
      "_timeout": 2000
    }
  ],
  "meta": {
    "mocha": {
      "version": "7.0.1"
    },
    "mochawesome": {
      "options": {
        "quiet": false,
        "reportFilename": "mochawesome",
        "saveHtml": false,
        "saveJson": true,
        "consoleReporter": "spec",
        "useInlineDiffs": false,
        "code": true
      },
      "version": "7.0.1"
    },
    "marge": {
      "options": {
        "overwrite": false,
        "html": false,
        "json": true
      },
      "version": "6.0.1"
    }
  }
}