{
  "stats": {
    "suites": 1,
    "tests": 12,
    "passes": 12,
    "pending": 0,
    "failures": 0,
    "start": "2021-11-19T11:17:12.468Z",
    "end": "2021-11-19T11:17:53.976Z",
    "duration": 41508,
    "testsRegistered": 12,
    "passPercent": 100,
    "pendingPercent": 0,
    "other": 0,
    "hasOther": false,
    "skipped": 0,
    "hasSkipped": false
  },
  "results": [
    {
      "uuid": "de026038-bdb7-4dd3-a175-d23980d00d3c",
      "title": "",
      "fullFile": "cypress/integration/2-advanced-examples/1_register.spec.js",
      "file": "cypress/integration/2-advanced-examples/1_register.spec.js",
      "beforeHooks": [],
      "afterHooks": [],
      "tests": [],
      "suites": [
        {
          "uuid": "e9e4cfda-c60c-41e0-b977-a6547c4cf400",
          "title": "New spec",
          "fullFile": "",
          "file": "",
          "beforeHooks": [],
          "afterHooks": [],
          "tests": [
            {
              "title": "All empty fields",
              "fullTitle": "New spec All empty fields",
              "timedOut": null,
              "duration": 9182,
              "state": "passed",
              "speed": "slow",
              "pass": true,
              "fail": false,
              "pending": false,
              "context": null,
              "code": "registerModule.register({\n  email: \"\"\n});\ncy.get(registration.validationMessage).should(\"have.text\", validationMessage.register.allRequiredFields);",
              "err": {},
              "uuid": "fddc7425-eae8-464d-843a-d2861f7ee990",
              "parentUUID": "e9e4cfda-c60c-41e0-b977-a6547c4cf400",
              "isHook": false,
              "skipped": false
            },
            {
              "title": "Registration with email without upper part",
              "fullTitle": "New spec Registration with email without upper part",
              "timedOut": null,
              "duration": 2448,
              "state": "passed",
              "speed": "slow",
              "pass": true,
              "fail": false,
              "pending": false,
              "context": null,
              "code": "registerModule.register({\n  email: data.negativData.emailWithoutFirstPart\n});\ncy.get(registration.validationMessage).should(\"have.text\", validationMessage.register.invalidEmail);",
              "err": {},
              "uuid": "6a43a192-82f8-458c-ad5b-d47834b12079",
              "parentUUID": "e9e4cfda-c60c-41e0-b977-a6547c4cf400",
              "isHook": false,
              "skipped": false
            },
            {
              "title": "Registration with email without @",
              "fullTitle": "New spec Registration with email without @",
              "timedOut": null,
              "duration": 2538,
              "state": "passed",
              "speed": "slow",
              "pass": true,
              "fail": false,
              "pending": false,
              "context": null,
              "code": "registerModule.register({\n  email: data.negativData.emailWithout\n});\ncy.get(registration.validationMessage).should(\"have.text\", validationMessage.register.invalidEmail);",
              "err": {},
              "uuid": "cd168fff-97c8-483b-820e-85799b93538e",
              "parentUUID": "e9e4cfda-c60c-41e0-b977-a6547c4cf400",
              "isHook": false,
              "skipped": false
            },
            {
              "title": "Registration with email without bottom part",
              "fullTitle": "New spec Registration with email without bottom part",
              "timedOut": null,
              "duration": 2649,
              "state": "passed",
              "speed": "slow",
              "pass": true,
              "fail": false,
              "pending": false,
              "context": null,
              "code": "registerModule.register({\n  email: data.negativData.emailWithoutBottomPart\n});\ncy.get(registration.validationMessage).should(\"have.text\", validationMessage.register.invalidEmail);",
              "err": {},
              "uuid": "9145b155-65b9-4303-8d32-9bec01583a7b",
              "parentUUID": "e9e4cfda-c60c-41e0-b977-a6547c4cf400",
              "isHook": false,
              "skipped": false
            },
            {
              "title": "Registration with email without com",
              "fullTitle": "New spec Registration with email without com",
              "timedOut": null,
              "duration": 2749,
              "state": "passed",
              "speed": "slow",
              "pass": true,
              "fail": false,
              "pending": false,
              "context": null,
              "code": "registerModule.register({\n  email: data.negativData.emailWithoutCom\n});\ncy.get(registration.validationMessage).should(\"have.text\", validationMessage.register.invalidEmail);",
              "err": {},
              "uuid": "41563d90-d3fd-40d5-8547-5a9cc1bac91c",
              "parentUUID": "e9e4cfda-c60c-41e0-b977-a6547c4cf400",
              "isHook": false,
              "skipped": false
            },
            {
              "title": "Registration with email without .",
              "fullTitle": "New spec Registration with email without .",
              "timedOut": null,
              "duration": 2872,
              "state": "passed",
              "speed": "slow",
              "pass": true,
              "fail": false,
              "pending": false,
              "context": null,
              "code": "registerModule.register({\n  email: data.negativData.emailWithoutDot\n});\ncy.get(registration.validationMessage).should(\"have.text\", validationMessage.register.invalidEmail);",
              "err": {},
              "uuid": "7b6ad8e3-9a74-45da-8cc2-6b9fb2a2e426",
              "parentUUID": "e9e4cfda-c60c-41e0-b977-a6547c4cf400",
              "isHook": false,
              "skipped": false
            },
            {
              "title": "Registration with a password shorter than 5 characters",
              "fullTitle": "New spec Registration with a password shorter than 5 characters",
              "timedOut": null,
              "duration": 2709,
              "state": "passed",
              "speed": "slow",
              "pass": true,
              "fail": false,
              "pending": false,
              "context": null,
              "code": "registerModule.register({\n  password: data.negativData.shortPassword\n});\ncy.get(registration.validationMessage).should(\"have.text\", validationMessage.register.shortPassword);",
              "err": {},
              "uuid": "13ef974e-ab97-4745-977e-1f0401a017ab",
              "parentUUID": "e9e4cfda-c60c-41e0-b977-a6547c4cf400",
              "isHook": false,
              "skipped": false
            },
            {
              "title": "Registration with 0 number of user",
              "fullTitle": "New spec Registration with 0 number of user",
              "timedOut": null,
              "duration": 3132,
              "state": "passed",
              "speed": "slow",
              "pass": true,
              "fail": false,
              "pending": false,
              "context": null,
              "code": "registerModule.register({\n  numberOfUsers: data.negativData.minNumberOfUser\n});\ncy.get(registration.validationMessage).should(\"have.text\", validationMessage.register.numberOfUserLimit);",
              "err": {},
              "uuid": "91977db6-1075-4282-9407-c2ccf6fc5f7d",
              "parentUUID": "e9e4cfda-c60c-41e0-b977-a6547c4cf400",
              "isHook": false,
              "skipped": false
            },
            {
              "title": "Registration with more than allowed number of user",
              "fullTitle": "New spec Registration with more than allowed number of user",
              "timedOut": null,
              "duration": 3138,
              "state": "passed",
              "speed": "slow",
              "pass": true,
              "fail": false,
              "pending": false,
              "context": null,
              "code": "registerModule.register({\n  numberOfUsers: data.negativData.maxNumberOfUser\n});\ncy.get(registration.validationMessage).should(\"have.text\", validationMessage.register.numberOfUserLimit);",
              "err": {},
              "uuid": "f0be2974-9ac7-47da-b1a7-83217f146ae6",
              "parentUUID": "e9e4cfda-c60c-41e0-b977-a6547c4cf400",
              "isHook": false,
              "skipped": false
            },
            {
              "title": "Registration with email of an another user",
              "fullTitle": "New spec Registration with email of an another user",
              "timedOut": null,
              "duration": 3034,
              "state": "passed",
              "speed": "slow",
              "pass": true,
              "fail": false,
              "pending": false,
              "context": null,
              "code": "registerModule.register({\n  email: data.negativData.wrongEmail\n});\ncy.wait('@unsuccessfulRegistration').then(({\n  response\n}) => {\n  expect(response.statusCode).to.eq(401);\n  expect(response.body.message.email[0]).to.eq(validationMessage.register.existingUser);\n});",
              "err": {},
              "uuid": "b5c93935-3be3-4799-8612-d74e12245120",
              "parentUUID": "e9e4cfda-c60c-41e0-b977-a6547c4cf400",
              "isHook": false,
              "skipped": false
            },
            {
              "title": "Regiser with unchecked I agree terms",
              "fullTitle": "New spec Regiser with unchecked I agree terms",
              "timedOut": null,
              "duration": 2945,
              "state": "passed",
              "speed": "slow",
              "pass": true,
              "fail": false,
              "pending": false,
              "context": null,
              "code": "registerModule.register({\n  iAgreeCheckBox: false\n});\ncy.get(registration.validationMessage).should(\"have.text\", \"The agree to terms and privacy policy field is required\");",
              "err": {},
              "uuid": "93dee302-15a3-49d9-9295-0837506e3395",
              "parentUUID": "e9e4cfda-c60c-41e0-b977-a6547c4cf400",
              "isHook": false,
              "skipped": false
            },
            {
              "title": "Successfully registration",
              "fullTitle": "New spec Successfully registration",
              "timedOut": null,
              "duration": 3922,
              "state": "passed",
              "speed": "slow",
              "pass": true,
              "fail": false,
              "pending": false,
              "context": null,
              "code": "registerModule.register({});\ncy.wait('@successfulRegistration').then(({\n  response\n}) => {\n  expect(response.statusCode).to.eq(200);\n});",
              "err": {},
              "uuid": "dad0d5af-accc-4d05-93c7-137424588eed",
              "parentUUID": "e9e4cfda-c60c-41e0-b977-a6547c4cf400",
              "isHook": false,
              "skipped": false
            }
          ],
          "suites": [],
          "passes": [
            "fddc7425-eae8-464d-843a-d2861f7ee990",
            "6a43a192-82f8-458c-ad5b-d47834b12079",
            "cd168fff-97c8-483b-820e-85799b93538e",
            "9145b155-65b9-4303-8d32-9bec01583a7b",
            "41563d90-d3fd-40d5-8547-5a9cc1bac91c",
            "7b6ad8e3-9a74-45da-8cc2-6b9fb2a2e426",
            "13ef974e-ab97-4745-977e-1f0401a017ab",
            "91977db6-1075-4282-9407-c2ccf6fc5f7d",
            "f0be2974-9ac7-47da-b1a7-83217f146ae6",
            "b5c93935-3be3-4799-8612-d74e12245120",
            "93dee302-15a3-49d9-9295-0837506e3395",
            "dad0d5af-accc-4d05-93c7-137424588eed"
          ],
          "failures": [],
          "pending": [],
          "skipped": [],
          "duration": 41318,
          "root": false,
          "rootEmpty": false,
          "_timeout": 2000
        }
      ],
      "passes": [],
      "failures": [],
      "pending": [],
      "skipped": [],
      "duration": 0,
      "root": true,
      "rootEmpty": true,
      "_timeout": 2000
    }
  ],
  "meta": {
    "mocha": {
      "version": "7.0.1"
    },
    "mochawesome": {
      "options": {
        "quiet": false,
        "reportFilename": "mochawesome",
        "saveHtml": false,
        "saveJson": true,
        "consoleReporter": "spec",
        "useInlineDiffs": false,
        "code": true
      },
      "version": "7.0.1"
    },
    "marge": {
      "options": {
        "overwrite": false,
        "html": false,
        "json": true
      },
      "version": "6.0.1"
    }
  }
}